<?xml version="1.0" encoding="UTF-8"?>
<coverage generated="1777730207245" clover="3.2.0">
  <project timestamp="1777730207246" name="All files">
    <metrics statements="34" coveredstatements="32" conditionals="21" coveredconditionals="16" methods="6" coveredmethods="5" elements="61" coveredelements="53" complexity="0" loc="34" ncloc="34" packages="1" files="2" classes="2"/>
    <file name="config.js" path="/home/jennifer/projects/paynest-backend/services/notifications-service/src/config.js">
      <metrics statements="6" coveredstatements="5" conditionals="6" coveredconditionals="3" methods="1" coveredmethods="1"/>
      <line num="2" count="1" type="stmt"/>
      <line num="5" count="2" type="stmt"/>
      <line num="6" count="2" type="cond" truecount="1" falsecount="1"/>
      <line num="7" count="0" type="stmt"/>
      <line num="9" count="2" type="stmt"/>
      <line num="12" count="1" type="stmt"/>
    </file>
    <file name="notification.js" path="/home/jennifer/projects/paynest-backend/services/notifications-service/src/notification.js">
      <metrics statements="28" coveredstatements="27" conditionals="15" coveredconditionals="13" methods="5" coveredmethods="4"/>
      <line num="6" count="1" type="stmt"/>
      <line num="7" count="1" type="stmt"/>
      <line num="10" count="1" type="stmt"/>
      <line num="15" count="5" type="stmt"/>
      <line num="16" count="5" type="cond" truecount="2" falsecount="0"/>
      <line num="17" count="2" type="stmt"/>
      <line num="22" count="3" type="stmt"/>
      <line num="23" count="3" type="cond" truecount="2" falsecount="0"/>
      <line num="24" count="1" type="stmt"/>
      <line num="26" count="2" type="stmt"/>
      <line num="31" count="1" type="stmt"/>
      <line num="33" count="1" type="stmt"/>
      <line num="43" count="1" type="stmt"/>
      <line num="50" count="2" type="stmt"/>
      <line num="59" count="2" type="stmt"/>
      <line num="61" count="2" type="stmt"/>
      <line num="69" count="1" type="stmt"/>
      <line num="86" count="2" type="stmt"/>
      <line num="98" count="5" type="stmt"/>
      <line num="100" count="5" type="cond" truecount="2" falsecount="0"/>
      <line num="101" count="5" type="cond" truecount="1" falsecount="1"/>
      <line num="102" count="5" type="cond" truecount="1" falsecount="1"/>
      <line num="104" count="5" type="stmt"/>
      <line num="112" count="5" type="cond" truecount="4" falsecount="0"/>
      <line num="113" count="1" type="stmt"/>
      <line num="116" count="5" type="stmt"/>
      <line num="120" count="0" type="stmt"/>
      <line num="123" count="1" type="stmt"/>
    </file>
  </project>
</coverage>
