<?xml version="1.0" encoding="UTF-8"?>
<coverage generated="1774285032505" clover="3.2.0">
  <project timestamp="1774285032505" name="All files">
    <metrics statements="54" coveredstatements="32" conditionals="27" coveredconditionals="16" methods="9" coveredmethods="5" elements="90" coveredelements="53" complexity="0" loc="54" ncloc="54" packages="1" files="3" classes="3"/>
    <file name="config.js" path="/home/jennifer/projects/paynest-backend/services/notifications-service/src/config.js">
      <metrics statements="6" coveredstatements="5" conditionals="6" coveredconditionals="3" methods="1" coveredmethods="1"/>
      <line num="2" count="1" type="stmt"/>
      <line num="5" count="2" type="stmt"/>
      <line num="6" count="2" type="cond" truecount="1" falsecount="1"/>
      <line num="7" count="0" type="stmt"/>
      <line num="9" count="2" type="stmt"/>
      <line num="12" count="1" type="stmt"/>
    </file>
    <file name="notification.js" path="/home/jennifer/projects/paynest-backend/services/notifications-service/src/notification.js">
      <metrics statements="28" coveredstatements="27" conditionals="15" coveredconditionals="13" methods="5" coveredmethods="4"/>
      <line num="6" count="1" type="stmt"/>
      <line num="7" count="1" type="stmt"/>
      <line num="10" count="1" type="stmt"/>
      <line num="15" count="5" type="stmt"/>
      <line num="16" count="5" type="cond" truecount="2" falsecount="0"/>
      <line num="17" count="2" type="stmt"/>
      <line num="22" count="3" type="stmt"/>
      <line num="23" count="3" type="cond" truecount="2" falsecount="0"/>
      <line num="24" count="1" type="stmt"/>
      <line num="26" count="2" type="stmt"/>
      <line num="31" count="1" type="stmt"/>
      <line num="33" count="1" type="stmt"/>
      <line num="43" count="1" type="stmt"/>
      <line num="50" count="2" type="stmt"/>
      <line num="59" count="2" type="stmt"/>
      <line num="61" count="2" type="stmt"/>
      <line num="69" count="1" type="stmt"/>
      <line num="86" count="2" type="stmt"/>
      <line num="98" count="5" type="stmt"/>
      <line num="100" count="5" type="cond" truecount="2" falsecount="0"/>
      <line num="101" count="5" type="cond" truecount="1" falsecount="1"/>
      <line num="102" count="5" type="cond" truecount="1" falsecount="1"/>
      <line num="104" count="5" type="stmt"/>
      <line num="112" count="5" type="cond" truecount="4" falsecount="0"/>
      <line num="113" count="1" type="stmt"/>
      <line num="116" count="5" type="stmt"/>
      <line num="120" count="0" type="stmt"/>
      <line num="123" count="1" type="stmt"/>
    </file>
    <file name="routes.js" path="/home/jennifer/projects/paynest-backend/services/notifications-service/src/routes.js">
      <metrics statements="20" coveredstatements="0" conditionals="6" coveredconditionals="0" methods="3" coveredmethods="0"/>
      <line num="2" count="0" type="stmt"/>
      <line num="3" count="0" type="stmt"/>
      <line num="5" count="0" type="stmt"/>
      <line num="8" count="0" type="stmt"/>
      <line num="9" count="0" type="stmt"/>
      <line num="19" count="0" type="stmt"/>
      <line num="20" count="0" type="stmt"/>
      <line num="22" count="0" type="cond" truecount="0" falsecount="4"/>
      <line num="23" count="0" type="stmt"/>
      <line num="29" count="0" type="stmt"/>
      <line num="30" count="0" type="stmt"/>
      <line num="32" count="0" type="cond" truecount="0" falsecount="2"/>
      <line num="33" count="0" type="stmt"/>
      <line num="40" count="0" type="stmt"/>
      <line num="46" count="0" type="stmt"/>
      <line num="47" count="0" type="stmt"/>
      <line num="57" count="0" type="stmt"/>
      <line num="58" count="0" type="stmt"/>
      <line num="59" count="0" type="stmt"/>
      <line num="66" count="0" type="stmt"/>
    </file>
  </project>
</coverage>
