{"/home/jennifer/projects/paynest-backend/services/notifications-service/src/config.js": {"path":"/home/jennifer/projects/paynest-backend/services/notifications-service/src/config.js","statementMap":{"0":{"start":{"line":2,"column":0},"end":{"line":2,"column":27}},"1":{"start":{"line":5,"column":16},"end":{"line":5,"column":33}},"2":{"start":{"line":6,"column":2},"end":{"line":8,"column":3}},"3":{"start":{"line":7,"column":4},"end":{"line":7,"column":70}},"4":{"start":{"line":9,"column":2},"end":{"line":9,"column":15}},"5":{"start":{"line":12,"column":0},"end":{"line":21,"column":2}}},"fnMap":{"0":{"name":"requireEnv","decl":{"start":{"line":4,"column":9},"end":{"line":4,"column":19}},"loc":{"start":{"line":4,"column":26},"end":{"line":10,"column":1}},"line":4}},"branchMap":{"0":{"loc":{"start":{"line":6,"column":2},"end":{"line":8,"column":3}},"type":"if","locations":[{"start":{"line":6,"column":2},"end":{"line":8,"column":3}},{"start":{},"end":{}}],"line":6},"1":{"loc":{"start":{"line":13,"column":8},"end":{"line":13,"column":32}},"type":"binary-expr","locations":[{"start":{"line":13,"column":8},"end":{"line":13,"column":24}},{"start":{"line":13,"column":28},"end":{"line":13,"column":32}}],"line":13},"2":{"loc":{"start":{"line":14,"column":12},"end":{"line":14,"column":49}},"type":"binary-expr","locations":[{"start":{"line":14,"column":12},"end":{"line":14,"column":32}},{"start":{"line":14,"column":36},"end":{"line":14,"column":49}}],"line":14}},"s":{"0":1,"1":2,"2":2,"3":0,"4":2,"5":1},"f":{"0":2},"b":{"0":[0,2],"1":[1,0],"2":[1,0]},"_coverageSchema":"1a1c01bbd47fc00a2c39e90264f33305004495a9","hash":"cb277d7f0b52ca937c83db7159cb58aebecff7ba"}
,"/home/jennifer/projects/paynest-backend/services/notifications-service/src/notification.js": {"path":"/home/jennifer/projects/paynest-backend/services/notifications-service/src/notification.js","statementMap":{"0":{"start":{"line":6,"column":14},"end":{"line":6,"column":30}},"1":{"start":{"line":7,"column":15},"end":{"line":7,"column":34}},"2":{"start":{"line":10,"column":24},"end":{"line":10,"column":26}},"3":{"start":{"line":15,"column":17},"end":{"line":15,"column":71}},"4":{"start":{"line":16,"column":2},"end":{"line":18,"column":3}},"5":{"start":{"line":17,"column":4},"end":{"line":17,"column":38}},"6":{"start":{"line":22,"column":2},"end":{"line":47,"column":3}},"7":{"start":{"line":23,"column":4},"end":{"line":27,"column":5}},"8":{"start":{"line":24,"column":6},"end":{"line":24,"column":60}},"9":{"start":{"line":26,"column":6},"end":{"line":26,"column":73}},"10":{"start":{"line":31,"column":4},"end":{"line":31,"column":85}},"11":{"start":{"line":33,"column":4},"end":{"line":41,"column":7}},"12":{"start":{"line":43,"column":4},"end":{"line":46,"column":6}},"13":{"start":{"line":50,"column":17},"end":{"line":58,"column":3}},"14":{"start":{"line":59,"column":2},"end":{"line":59,"column":31}},"15":{"start":{"line":61,"column":2},"end":{"line":65,"column":4}},"16":{"start":{"line":69,"column":2},"end":{"line":80,"column":4}},"17":{"start":{"line":86,"column":2},"end":{"line":94,"column":4}},"18":{"start":{"line":98,"column":17},"end":{"line":98,"column":19}},"19":{"start":{"line":100,"column":2},"end":{"line":100,"column":49}},"20":{"start":{"line":100,"column":15},"end":{"line":100,"column":49}},"21":{"start":{"line":101,"column":2},"end":{"line":101,"column":47}},"22":{"start":{"line":101,"column":15},"end":{"line":101,"column":47}},"23":{"start":{"line":102,"column":2},"end":{"line":102,"column":51}},"24":{"start":{"line":102,"column":16},"end":{"line":102,"column":51}},"25":{"start":{"line":104,"column":21},"end":{"line":110,"column":3}},"26":{"start":{"line":112,"column":2},"end":{"line":114,"column":3}},"27":{"start":{"line":113,"column":4},"end":{"line":113,"column":65}},"28":{"start":{"line":116,"column":2},"end":{"line":116,"column":16}},"29":{"start":{"line":120,"column":2},"end":{"line":120,"column":25}},"30":{"start":{"line":123,"column":0},"end":{"line":123,"column":58}}},"fnMap":{"0":{"name":"sendNotification","decl":{"start":{"line":12,"column":15},"end":{"line":12,"column":31}},"loc":{"start":{"line":12,"column":77},"end":{"line":66,"column":1}},"line":12},"1":{"name":"sendSMS","decl":{"start":{"line":68,"column":15},"end":{"line":68,"column":22}},"loc":{"start":{"line":68,"column":44},"end":{"line":81,"column":1}},"line":68},"2":{"name":"sendPushNotification","decl":{"start":{"line":83,"column":15},"end":{"line":83,"column":35}},"loc":{"start":{"line":83,"column":57},"end":{"line":95,"column":1}},"line":83},"3":{"name":"validateNotificationRequest","decl":{"start":{"line":97,"column":9},"end":{"line":97,"column":36}},"loc":{"start":{"line":97,"column":64},"end":{"line":117,"column":1}},"line":97},"4":{"name":"getNotificationLog","decl":{"start":{"line":119,"column":9},"end":{"line":119,"column":27}},"loc":{"start":{"line":119,"column":30},"end":{"line":121,"column":1}},"line":119}},"branchMap":{"0":{"loc":{"start":{"line":12,"column":57},"end":{"line":12,"column":73}},"type":"default-arg","locations":[{"start":{"line":12,"column":67},"end":{"line":12,"column":73}}],"line":12},"1":{"loc":{"start":{"line":16,"column":2},"end":{"line":18,"column":3}},"type":"if","locations":[{"start":{"line":16,"column":2},"end":{"line":18,"column":3}},{"start":{},"end":{}}],"line":16},"2":{"loc":{"start":{"line":23,"column":4},"end":{"line":27,"column":5}},"type":"if","locations":[{"start":{"line":23,"column":4},"end":{"line":27,"column":5}},{"start":{"line":25,"column":11},"end":{"line":27,"column":5}}],"line":23},"3":{"loc":{"start":{"line":100,"column":2},"end":{"line":100,"column":49}},"type":"if","locations":[{"start":{"line":100,"column":2},"end":{"line":100,"column":49}},{"start":{},"end":{}}],"line":100},"4":{"loc":{"start":{"line":101,"column":2},"end":{"line":101,"column":47}},"type":"if","locations":[{"start":{"line":101,"column":2},"end":{"line":101,"column":47}},{"start":{},"end":{}}],"line":101},"5":{"loc":{"start":{"line":102,"column":2},"end":{"line":102,"column":51}},"type":"if","locations":[{"start":{"line":102,"column":2},"end":{"line":102,"column":51}},{"start":{},"end":{}}],"line":102},"6":{"loc":{"start":{"line":112,"column":2},"end":{"line":114,"column":3}},"type":"if","locations":[{"start":{"line":112,"column":2},"end":{"line":114,"column":3}},{"start":{},"end":{}}],"line":112},"7":{"loc":{"start":{"line":112,"column":6},"end":{"line":112,"column":40}},"type":"binary-expr","locations":[{"start":{"line":112,"column":6},"end":{"line":112,"column":10}},{"start":{"line":112,"column":14},"end":{"line":112,"column":40}}],"line":112}},"s":{"0":1,"1":1,"2":1,"3":5,"4":5,"5":2,"6":3,"7":3,"8":1,"9":2,"10":1,"11":1,"12":1,"13":2,"14":2,"15":2,"16":1,"17":2,"18":5,"19":5,"20":1,"21":5,"22":0,"23":5,"24":0,"25":5,"26":5,"27":1,"28":5,"29":0,"30":1},"f":{"0":5,"1":1,"2":2,"3":5,"4":0},"b":{"0":[3],"1":[2,3],"2":[1,2],"3":[1,4],"4":[0,5],"5":[0,5],"6":[1,4],"7":[5,5]},"_coverageSchema":"1a1c01bbd47fc00a2c39e90264f33305004495a9","hash":"1543501570b49a472b2eebc2c8ab0e61d5509621"}
,"/home/jennifer/projects/paynest-backend/services/notifications-service/src/routes.js": {"path":"/home/jennifer/projects/paynest-backend/services/notifications-service/src/routes.js","statementMap":{"0":{"start":{"line":2,"column":16},"end":{"line":2,"column":34}},"1":{"start":{"line":3,"column":49},"end":{"line":3,"column":74}},"2":{"start":{"line":5,"column":15},"end":{"line":5,"column":31}},"3":{"start":{"line":8,"column":0},"end":{"line":14,"column":3}},"4":{"start":{"line":9,"column":2},"end":{"line":13,"column":5}},"5":{"start":{"line":19,"column":0},"end":{"line":52,"column":3}},"6":{"start":{"line":20,"column":45},"end":{"line":20,"column":53}},"7":{"start":{"line":22,"column":2},"end":{"line":27,"column":3}},"8":{"start":{"line":23,"column":4},"end":{"line":26,"column":7}},"9":{"start":{"line":29,"column":2},"end":{"line":51,"column":3}},"10":{"start":{"line":30,"column":19},"end":{"line":30,"column":77}},"11":{"start":{"line":32,"column":4},"end":{"line":38,"column":5}},"12":{"start":{"line":33,"column":6},"end":{"line":37,"column":9}},"13":{"start":{"line":40,"column":4},"end":{"line":44,"column":7}},"14":{"start":{"line":46,"column":4},"end":{"line":46,"column":67}},"15":{"start":{"line":47,"column":4},"end":{"line":50,"column":7}},"16":{"start":{"line":57,"column":0},"end":{"line":64,"column":3}},"17":{"start":{"line":58,"column":14},"end":{"line":58,"column":34}},"18":{"start":{"line":59,"column":2},"end":{"line":63,"column":5}},"19":{"start":{"line":66,"column":0},"end":{"line":66,"column":24}}},"fnMap":{"0":{"name":"(anonymous_0)","decl":{"start":{"line":8,"column":22},"end":{"line":8,"column":23}},"loc":{"start":{"line":8,"column":36},"end":{"line":14,"column":1}},"line":8},"1":{"name":"(anonymous_1)","decl":{"start":{"line":19,"column":30},"end":{"line":19,"column":31}},"loc":{"start":{"line":19,"column":50},"end":{"line":52,"column":1}},"line":19},"2":{"name":"(anonymous_2)","decl":{"start":{"line":57,"column":33},"end":{"line":57,"column":34}},"loc":{"start":{"line":57,"column":47},"end":{"line":64,"column":1}},"line":57}},"branchMap":{"0":{"loc":{"start":{"line":22,"column":2},"end":{"line":27,"column":3}},"type":"if","locations":[{"start":{"line":22,"column":2},"end":{"line":27,"column":3}},{"start":{},"end":{}}],"line":22},"1":{"loc":{"start":{"line":22,"column":6},"end":{"line":22,"column":53}},"type":"binary-expr","locations":[{"start":{"line":22,"column":6},"end":{"line":22,"column":15}},{"start":{"line":22,"column":19},"end":{"line":22,"column":53}}],"line":22},"2":{"loc":{"start":{"line":32,"column":4},"end":{"line":38,"column":5}},"type":"if","locations":[{"start":{"line":32,"column":4},"end":{"line":38,"column":5}},{"start":{},"end":{}}],"line":32}},"s":{"0":0,"1":0,"2":0,"3":0,"4":0,"5":0,"6":0,"7":0,"8":0,"9":0,"10":0,"11":0,"12":0,"13":0,"14":0,"15":0,"16":0,"17":0,"18":0,"19":0},"f":{"0":0,"1":0,"2":0},"b":{"0":[0,0],"1":[0,0],"2":[0,0]}}
}
