TN:
SF:src/config.js
FN:4,requireEnv
FNF:1
FNH:1
FNDA:2,requireEnv
DA:2,1
DA:5,2
DA:6,2
DA:7,0
DA:9,2
DA:12,1
LF:6
LH:5
BRDA:6,0,0,0
BRDA:6,0,1,2
BRDA:13,1,0,1
BRDA:13,1,1,0
BRDA:14,2,0,1
BRDA:14,2,1,0
BRF:6
BRH:3
end_of_record
TN:
SF:src/notification.js
FN:12,sendNotification
FN:68,sendSMS
FN:83,sendPushNotification
FN:97,validateNotificationRequest
FN:119,getNotificationLog
FNF:5
FNH:4
FNDA:5,sendNotification
FNDA:1,sendSMS
FNDA:2,sendPushNotification
FNDA:5,validateNotificationRequest
FNDA:0,getNotificationLog
DA:6,1
DA:7,1
DA:10,1
DA:15,5
DA:16,5
DA:17,2
DA:22,3
DA:23,3
DA:24,1
DA:26,2
DA:31,1
DA:33,1
DA:43,1
DA:50,2
DA:59,2
DA:61,2
DA:69,1
DA:86,2
DA:98,5
DA:100,5
DA:101,5
DA:102,5
DA:104,5
DA:112,5
DA:113,1
DA:116,5
DA:120,0
DA:123,1
LF:28
LH:27
BRDA:12,0,0,3
BRDA:16,1,0,2
BRDA:16,1,1,3
BRDA:23,2,0,1
BRDA:23,2,1,2
BRDA:100,3,0,1
BRDA:100,3,1,4
BRDA:101,4,0,0
BRDA:101,4,1,5
BRDA:102,5,0,0
BRDA:102,5,1,5
BRDA:112,6,0,1
BRDA:112,6,1,4
BRDA:112,7,0,5
BRDA:112,7,1,5
BRF:15
BRH:13
end_of_record
TN:
SF:src/routes.js
FN:8,(anonymous_0)
FN:19,(anonymous_1)
FN:57,(anonymous_2)
FNF:3
FNH:0
FNDA:0,(anonymous_0)
FNDA:0,(anonymous_1)
FNDA:0,(anonymous_2)
DA:2,0
DA:3,0
DA:5,0
DA:8,0
DA:9,0
DA:19,0
DA:20,0
DA:22,0
DA:23,0
DA:29,0
DA:30,0
DA:32,0
DA:33,0
DA:40,0
DA:46,0
DA:47,0
DA:57,0
DA:58,0
DA:59,0
DA:66,0
LF:20
LH:0
BRDA:22,0,0,0
BRDA:22,0,1,0
BRDA:22,1,0,0
BRDA:22,1,1,0
BRDA:32,2,0,0
BRDA:32,2,1,0
BRF:6
BRH:0
end_of_record
